<?xml version="1.0" encoding="UTF-8"?>
<!-- Generated by org.testng.reporters.JUnitXMLReporter -->
<testsuite hostname="RENJUPC" ignored="0" name="Test" tests="3" failures="0" timestamp="07 Oct 2018 09:49:11 GMT" time="64.035" errors="0">
  <testcase name="addTest" time="0.049" classname="com.renju.training.testng.CalcTest"/>
  <testcase name="subtractTest" time="0.0" classname="com.renju.training.testng.CalcTest"/>
  <testcase name="validateGoogleId" time="52.803" classname="com.renju.training.testng.SampleSeleniumTest"/>
</testsuite> <!-- Test -->
